<?xml version="1.0" encoding="UTF-8"?>
<testng-results ignored="0" total="1" passed="1" failed="0" skipped="0">
  <reporter-output>
  </reporter-output>
  <suite started-at="2021-08-01T21:16:51 IST" name="Suite" finished-at="2021-08-01T21:16:51 IST" duration-ms="70">
    <groups>
    </groups>
    <test started-at="2021-08-01T21:16:51 IST" name="Test" finished-at="2021-08-01T21:16:51 IST" duration-ms="70">
      <class name="TestNg.testng">
        <test-method is-config="true" signature="beforeSuit()[pri:0, instance:TestNg.testng@49b0b76]" started-at="2021-08-01T21:16:51 IST" name="beforeSuit" finished-at="2021-08-01T21:16:51 IST" duration-ms="13" status="PASS">
          <reporter-output>
          </reporter-output>
        </test-method> <!-- beforeSuit -->
        <test-method is-config="true" signature="beforetest()[pri:0, instance:TestNg.testng@49b0b76]" started-at="2021-08-01T21:16:51 IST" name="beforetest" finished-at="2021-08-01T21:16:51 IST" duration-ms="1" status="PASS">
          <reporter-output>
          </reporter-output>
        </test-method> <!-- beforetest -->
        <test-method is-config="true" signature="beforeClass()[pri:0, instance:TestNg.testng@49b0b76]" started-at="2021-08-01T21:16:51 IST" name="beforeClass" finished-at="2021-08-01T21:16:51 IST" duration-ms="1" status="PASS">
          <reporter-output>
          </reporter-output>
        </test-method> <!-- beforeClass -->
        <test-method is-config="true" signature="beforeMethod()[pri:0, instance:TestNg.testng@49b0b76]" started-at="2021-08-01T21:16:51 IST" name="beforeMethod" finished-at="2021-08-01T21:16:51 IST" duration-ms="0" status="PASS">
          <reporter-output>
          </reporter-output>
        </test-method> <!-- beforeMethod -->
        <test-method signature="test()[pri:0, instance:TestNg.testng@49b0b76]" started-at="2021-08-01T21:16:51 IST" name="test" finished-at="2021-08-01T21:16:51 IST" duration-ms="10" status="PASS">
          <reporter-output>
          </reporter-output>
        </test-method> <!-- test -->
        <test-method is-config="true" signature="afterMethod()[pri:0, instance:TestNg.testng@49b0b76]" started-at="2021-08-01T21:16:51 IST" name="afterMethod" finished-at="2021-08-01T21:16:51 IST" duration-ms="0" status="PASS">
          <reporter-output>
          </reporter-output>
        </test-method> <!-- afterMethod -->
        <test-method is-config="true" signature="afterClass()[pri:0, instance:TestNg.testng@49b0b76]" started-at="2021-08-01T21:16:51 IST" name="afterClass" finished-at="2021-08-01T21:16:51 IST" duration-ms="0" status="PASS">
          <reporter-output>
          </reporter-output>
        </test-method> <!-- afterClass -->
        <test-method is-config="true" signature="afterTest()[pri:0, instance:TestNg.testng@49b0b76]" started-at="2021-08-01T21:16:51 IST" name="afterTest" finished-at="2021-08-01T21:16:51 IST" duration-ms="0" status="PASS">
          <reporter-output>
          </reporter-output>
        </test-method> <!-- afterTest -->
        <test-method is-config="true" signature="afterSuit()[pri:0, instance:TestNg.testng@49b0b76]" started-at="2021-08-01T21:16:51 IST" name="afterSuit" finished-at="2021-08-01T21:16:51 IST" duration-ms="1" status="PASS">
          <reporter-output>
          </reporter-output>
        </test-method> <!-- afterSuit -->
      </class> <!-- TestNg.testng -->
    </test> <!-- Test -->
  </suite> <!-- Suite -->
</testng-results>
